npm warn config ignoring workspace config at F:\sandbox\chat-app\apps\mobile/.npmrc
npm warn Unknown project config "node-linker". This will stop working in the next major version of npm.
Starting Metro Bundler
Error: Unable to resolve module node:buffer from F:\sandbox\chat-app\node_modules\.pnpm\@signalapp+libsignal-client@0.56.1\node_modules\@signalapp\libsignal-client\dist\net.js: node:buffer could not be found within the project or in these directories:
  ..\..\node_modules\.pnpm\@signalapp+libsignal-client@0.56.1\node_modules\@signalapp\libsignal-client\node_modules
  ..\..\node_modules\.pnpm\@signalapp+libsignal-client@0.56.1\node_modules
  ..\..\node_modules\.pnpm\node_modules
  ..\..\node_modules
  node_modules
  ..\..\node_modules
   8 | const Native = require("../Native");
   9 | const Address_1 = require("./Address");
> 10 | const node_buffer_1 = require("node:buffer");
     |                                ^
  11 | const DEFAULT_CHAT_REQUEST_TIMEOUT_MILLIS = 5000;
  12 | // This must match the libsignal-bridge Rust enum of the same name.
  13 | var Environment;
Error: Unable to resolve module node:buffer from F:\sandbox\chat-app\node_modules\.pnpm\@signalapp+libsignal-client@0.56.1\node_modules\@signalapp\libsignal-client\dist\net.js: node:buffer could not be found within the project or in these directories:
  ..\..\node_modules\.pnpm\@signalapp+libsignal-client@0.56.1\node_modules\@signalapp\libsignal-client\node_modules
  ..\..\node_modules\.pnpm\@signalapp+libsignal-client@0.56.1\node_modules
  ..\..\node_modules\.pnpm\node_modules
  ..\..\node_modules
  node_modules
  ..\..\node_modules
   8 | const Native = require("../Native");
   9 | const Address_1 = require("./Address");
> 10 | const node_buffer_1 = require("node:buffer");
     |                                ^
  11 | const DEFAULT_CHAT_REQUEST_TIMEOUT_MILLIS = 5000;
  12 | // This must match the libsignal-bridge Rust enum of the same name.
  13 | var Environment;
    at ModuleResolver.resolveDependency (F:\sandbox\chat-app\node_modules\metro\src\node-haste\DependencyGraph\ModuleResolution.js:139:15)
    at DependencyGraph.resolveDependency (F:\sandbox\chat-app\node_modules\metro\src\node-haste\DependencyGraph.js:232:43)
    at F:\sandbox\chat-app\node_modules\metro\src\lib\transformHelpers.js:156:21
    at resolveDependencies (F:\sandbox\chat-app\node_modules\metro\src\DeltaBundler\buildSubgraph.js:42:25)
    at visit (F:\sandbox\chat-app\node_modules\metro\src\DeltaBundler\buildSubgraph.js:83:30)
    at async Promise.all (index 8)
    at visit (F:\sandbox\chat-app\node_modules\metro\src\DeltaBundler\buildSubgraph.js:92:5)
    at async Promise.all (index 2)
    at visit (F:\sandbox\chat-app\node_modules\metro\src\DeltaBundler\buildSubgraph.js:92:5)
    at async Promise.all (index 5)
