npm warn config ignoring workspace config at F:\sandbox\chat-app\apps\mobile/.npmrc
npm warn Unknown project config "node-linker". This will stop working in the next major version of npm.
Starting Metro Bundler
Error: Unable to resolve module fs from F:\sandbox\chat-app\node_modules\.pnpm\node-gyp-build@4.8.4\node_modules\node-gyp-build\node-gyp-build.js: fs could not be found within the project or in these directories:
  ..\..\node_modules\.pnpm\node-gyp-build@4.8.4\node_modules\node-gyp-build\node_modules
  ..\..\node_modules\.pnpm\node-gyp-build@4.8.4\node_modules
  ..\..\node_modules\.pnpm\node_modules
  ..\..\node_modules
  node_modules
  ..\..\node_modules
> 1 | var fs = require('fs')
    |                   ^
  2 | var path = require('path')
  3 | var os = require('os')
  4 |
Error: Unable to resolve module fs from F:\sandbox\chat-app\node_modules\.pnpm\node-gyp-build@4.8.4\node_modules\node-gyp-build\node-gyp-build.js: fs could not be found within the project or in these directories:
  ..\..\node_modules\.pnpm\node-gyp-build@4.8.4\node_modules\node-gyp-build\node_modules
  ..\..\node_modules\.pnpm\node-gyp-build@4.8.4\node_modules
  ..\..\node_modules\.pnpm\node_modules
  ..\..\node_modules
  node_modules
  ..\..\node_modules
> 1 | var fs = require('fs')
    |                   ^
  2 | var path = require('path')
  3 | var os = require('os')
  4 |
    at ModuleResolver.resolveDependency (F:\sandbox\chat-app\node_modules\metro\src\node-haste\DependencyGraph\ModuleResolution.js:139:15)
    at DependencyGraph.resolveDependency (F:\sandbox\chat-app\node_modules\metro\src\node-haste\DependencyGraph.js:232:43)
    at F:\sandbox\chat-app\node_modules\metro\src\lib\transformHelpers.js:156:21
    at resolveDependencies (F:\sandbox\chat-app\node_modules\metro\src\DeltaBundler\buildSubgraph.js:42:25)
    at visit (F:\sandbox\chat-app\node_modules\metro\src\DeltaBundler\buildSubgraph.js:83:30)
    at async Promise.all (index 0)
    at visit (F:\sandbox\chat-app\node_modules\metro\src\DeltaBundler\buildSubgraph.js:92:5)
    at async Promise.all (index 0)
    at visit (F:\sandbox\chat-app\node_modules\metro\src\DeltaBundler\buildSubgraph.js:92:5)
    at async Promise.all (index 11)
