npm warn config ignoring workspace config at F:\sandbox\chat-app\apps\mobile/.npmrc
npm warn Unknown project config "node-linker". This will stop working in the next major version of npm.
Starting Metro Bundler
Error: Unable to resolve module crypto from F:\sandbox\chat-app\node_modules\.pnpm\@signalapp+libsignal-client@0.56.1\node_modules\@signalapp\libsignal-client\dist\usernames.js: crypto could not be found within the project or in these directories:
  ..\..\node_modules\.pnpm\@signalapp+libsignal-client@0.56.1\node_modules\@signalapp\libsignal-client\node_modules
  ..\..\node_modules\.pnpm\@signalapp+libsignal-client@0.56.1\node_modules
  ..\..\node_modules\.pnpm\node_modules
  ..\..\node_modules
  node_modules
  ..\..\node_modules
   7 | exports.verifyProof = exports.createUsernameLink = exports.decryptUsernameLink = exports.generateProofWithRandom = exports.generateProof = exports.hash = exports.fromParts = exports.generateCandidates = void 0;
   8 | /* eslint @typescript-eslint/no-shadow: ["error", { "allow": ["hash"] }] */
>  9 | const crypto_1 = require("crypto");
     |                           ^
  10 | const Constants_1 = require("./zkgroup/internal/Constants");
  11 | const Native = require("../Native");
  12 | function generateCandidates(nickname, minNicknameLength, maxNicknameLength) {
Error: Unable to resolve module crypto from F:\sandbox\chat-app\node_modules\.pnpm\@signalapp+libsignal-client@0.56.1\node_modules\@signalapp\libsignal-client\dist\usernames.js: crypto could not be found within the project or in these directories:
  ..\..\node_modules\.pnpm\@signalapp+libsignal-client@0.56.1\node_modules\@signalapp\libsignal-client\node_modules
  ..\..\node_modules\.pnpm\@signalapp+libsignal-client@0.56.1\node_modules
  ..\..\node_modules\.pnpm\node_modules
  ..\..\node_modules
  node_modules
  ..\..\node_modules
   7 | exports.verifyProof = exports.createUsernameLink = exports.decryptUsernameLink = exports.generateProofWithRandom = exports.generateProof = exports.hash = exports.fromParts = exports.generateCandidates = void 0;
   8 | /* eslint @typescript-eslint/no-shadow: ["error", { "allow": ["hash"] }] */
>  9 | const crypto_1 = require("crypto");
     |                           ^
  10 | const Constants_1 = require("./zkgroup/internal/Constants");
  11 | const Native = require("../Native");
  12 | function generateCandidates(nickname, minNicknameLength, maxNicknameLength) {
    at ModuleResolver.resolveDependency (F:\sandbox\chat-app\node_modules\metro\src\node-haste\DependencyGraph\ModuleResolution.js:139:15)
    at DependencyGraph.resolveDependency (F:\sandbox\chat-app\node_modules\metro\src\node-haste\DependencyGraph.js:232:43)
    at F:\sandbox\chat-app\node_modules\metro\src\lib\transformHelpers.js:156:21
    at resolveDependencies (F:\sandbox\chat-app\node_modules\metro\src\DeltaBundler\buildSubgraph.js:42:25)
    at visit (F:\sandbox\chat-app\node_modules\metro\src\DeltaBundler\buildSubgraph.js:83:30)
    at async Promise.all (index 6)
    at visit (F:\sandbox\chat-app\node_modules\metro\src\DeltaBundler\buildSubgraph.js:92:5)
    at async Promise.all (index 2)
    at visit (F:\sandbox\chat-app\node_modules\metro\src\DeltaBundler\buildSubgraph.js:92:5)
    at async Promise.all (index 5)
